{"level":"\u001b[32minfo\u001b[39m","message":"MongoDB Connected: host.docker.internal","metadata":{"timestamp":"2025-05-24 18:51:44"}}
{"level":"\u001b[32minfo\u001b[39m","message":"Connected to Redis successfully","metadata":{"timestamp":"2025-05-24 18:51:44"}}
{"level":"\u001b[32minfo\u001b[39m","message":"Redis connection established","metadata":{"timestamp":"2025-05-24 18:51:44"}}
{"level":"\u001b[32minfo\u001b[39m","message":"Server is running on port 5000","metadata":{"timestamp":"2025-05-24 18:51:44"}}
{"level":"\u001b[32minfo\u001b[39m","message":"Environment: development","metadata":{"timestamp":"2025-05-24 18:51:44"}}
{"level":"\u001b[31merror\u001b[39m","message":"Authentication error: error is not defined","metadata":{"stack":"ReferenceError: error is not defined\n    at SessionManager.verifySession (/app/utils/sessionManager.js:33:54)\n    at requireAuth (/app/middleware/auth.js:81:42)\n    at Layer.handleRequest (/app/node_modules/router/lib/layer.js:152:17)\n    at next (/app/node_modules/router/lib/route.js:157:13)\n    at Route.dispatch (/app/node_modules/router/lib/route.js:117:3)\n    at handle (/app/node_modules/router/index.js:435:11)\n    at Layer.handleRequest (/app/node_modules/router/lib/layer.js:152:17)\n    at /app/node_modules/router/index.js:295:15\n    at processParams (/app/node_modules/router/index.js:582:12)\n    at next (/app/node_modules/router/index.js:291:5)","timestamp":"2025-05-24 18:51:45"}}
{"level":"\u001b[31merror\u001b[39m","message":"Authentication error: error is not defined","metadata":{"stack":"ReferenceError: error is not defined\n    at SessionManager.verifySession (/app/utils/sessionManager.js:33:54)\n    at requireAuth (/app/middleware/auth.js:81:42)\n    at Layer.handleRequest (/app/node_modules/router/lib/layer.js:152:17)\n    at next (/app/node_modules/router/lib/route.js:157:13)\n    at Route.dispatch (/app/node_modules/router/lib/route.js:117:3)\n    at handle (/app/node_modules/router/index.js:435:11)\n    at Layer.handleRequest (/app/node_modules/router/lib/layer.js:152:17)\n    at /app/node_modules/router/index.js:295:15\n    at processParams (/app/node_modules/router/index.js:582:12)\n    at next (/app/node_modules/router/index.js:291:5)","timestamp":"2025-05-24 18:51:47"}}
{"level":"\u001b[31merror\u001b[39m","message":"Authentication error: error is not defined","metadata":{"stack":"ReferenceError: error is not defined\n    at SessionManager.verifySession (/app/utils/sessionManager.js:33:54)\n    at requireAuth (/app/middleware/auth.js:81:42)\n    at Layer.handleRequest (/app/node_modules/router/lib/layer.js:152:17)\n    at next (/app/node_modules/router/lib/route.js:157:13)\n    at Route.dispatch (/app/node_modules/router/lib/route.js:117:3)\n    at handle (/app/node_modules/router/index.js:435:11)\n    at Layer.handleRequest (/app/node_modules/router/lib/layer.js:152:17)\n    at /app/node_modules/router/index.js:295:15\n    at processParams (/app/node_modules/router/index.js:582:12)\n    at next (/app/node_modules/router/index.js:291:5)","timestamp":"2025-05-24 18:52:20"}}
{"level":"\u001b[31merror\u001b[39m","message":"Authentication error: error is not defined","metadata":{"stack":"ReferenceError: error is not defined\n    at SessionManager.verifySession (/app/utils/sessionManager.js:33:54)\n    at requireAuth (/app/middleware/auth.js:81:42)\n    at Layer.handleRequest (/app/node_modules/router/lib/layer.js:152:17)\n    at next (/app/node_modules/router/lib/route.js:157:13)\n    at Route.dispatch (/app/node_modules/router/lib/route.js:117:3)\n    at handle (/app/node_modules/router/index.js:435:11)\n    at Layer.handleRequest (/app/node_modules/router/lib/layer.js:152:17)\n    at /app/node_modules/router/index.js:295:15\n    at processParams (/app/node_modules/router/index.js:582:12)\n    at next (/app/node_modules/router/index.js:291:5)","timestamp":"2025-05-24 18:53:31"}}
{"level":"\u001b[31merror\u001b[39m","message":"Authentication error: error is not defined","metadata":{"stack":"ReferenceError: error is not defined\n    at SessionManager.verifySession (/app/utils/sessionManager.js:33:54)\n    at requireAuth (/app/middleware/auth.js:81:42)\n    at Layer.handleRequest (/app/node_modules/router/lib/layer.js:152:17)\n    at next (/app/node_modules/router/lib/route.js:157:13)\n    at Route.dispatch (/app/node_modules/router/lib/route.js:117:3)\n    at handle (/app/node_modules/router/index.js:435:11)\n    at Layer.handleRequest (/app/node_modules/router/lib/layer.js:152:17)\n    at /app/node_modules/router/index.js:295:15\n    at processParams (/app/node_modules/router/index.js:582:12)\n    at next (/app/node_modules/router/index.js:291:5)","timestamp":"2025-05-24 18:53:31"}}
{"level":"\u001b[31merror\u001b[39m","message":"Authentication error: error is not defined","metadata":{"stack":"ReferenceError: error is not defined\n    at SessionManager.verifySession (/app/utils/sessionManager.js:33:54)\n    at requireAuth (/app/middleware/auth.js:81:42)\n    at Layer.handleRequest (/app/node_modules/router/lib/layer.js:152:17)\n    at next (/app/node_modules/router/lib/route.js:157:13)\n    at Route.dispatch (/app/node_modules/router/lib/route.js:117:3)\n    at handle (/app/node_modules/router/index.js:435:11)\n    at Layer.handleRequest (/app/node_modules/router/lib/layer.js:152:17)\n    at /app/node_modules/router/index.js:295:15\n    at processParams (/app/node_modules/router/index.js:582:12)\n    at next (/app/node_modules/router/index.js:291:5)","timestamp":"2025-05-24 18:53:32"}}
{"level":"\u001b[32minfo\u001b[39m","message":"MongoDB Connected: host.docker.internal","metadata":{"timestamp":"2025-05-24 18:58:31"}}
{"level":"\u001b[32minfo\u001b[39m","message":"Connected to Redis successfully","metadata":{"timestamp":"2025-05-24 18:58:31"}}
{"level":"\u001b[32minfo\u001b[39m","message":"Redis connection established","metadata":{"timestamp":"2025-05-24 18:58:31"}}
{"level":"\u001b[32minfo\u001b[39m","message":"Server is running on port 5000","metadata":{"timestamp":"2025-05-24 18:58:31"}}
{"level":"\u001b[32minfo\u001b[39m","message":"Environment: development","metadata":{"timestamp":"2025-05-24 18:58:31"}}
{"level":"\u001b[31merror\u001b[39m","message":"Authentication error: error is not defined","metadata":{"stack":"ReferenceError: error is not defined\n    at SessionManager.verifySession (/app/utils/sessionManager.js:33:54)\n    at requireAuth (/app/middleware/auth.js:81:42)\n    at Layer.handleRequest (/app/node_modules/router/lib/layer.js:152:17)\n    at next (/app/node_modules/router/lib/route.js:157:13)\n    at Route.dispatch (/app/node_modules/router/lib/route.js:117:3)\n    at handle (/app/node_modules/router/index.js:435:11)\n    at Layer.handleRequest (/app/node_modules/router/lib/layer.js:152:17)\n    at /app/node_modules/router/index.js:295:15\n    at processParams (/app/node_modules/router/index.js:582:12)\n    at next (/app/node_modules/router/index.js:291:5)","timestamp":"2025-05-24 18:58:40"}}
{"level":"\u001b[31merror\u001b[39m","message":"Authentication error: error is not defined","metadata":{"stack":"ReferenceError: error is not defined\n    at SessionManager.verifySession (/app/utils/sessionManager.js:33:54)\n    at requireAuth (/app/middleware/auth.js:81:42)\n    at Layer.handleRequest (/app/node_modules/router/lib/layer.js:152:17)\n    at next (/app/node_modules/router/lib/route.js:157:13)\n    at Route.dispatch (/app/node_modules/router/lib/route.js:117:3)\n    at handle (/app/node_modules/router/index.js:435:11)\n    at Layer.handleRequest (/app/node_modules/router/lib/layer.js:152:17)\n    at /app/node_modules/router/index.js:295:15\n    at processParams (/app/node_modules/router/index.js:582:12)\n    at next (/app/node_modules/router/index.js:291:5)","timestamp":"2025-05-24 18:58:41"}}
{"level":"\u001b[32minfo\u001b[39m","message":"MongoDB Connected: host.docker.internal","metadata":{"timestamp":"2025-05-24 18:58:55"}}
{"level":"\u001b[32minfo\u001b[39m","message":"Connected to Redis successfully","metadata":{"timestamp":"2025-05-24 18:58:55"}}
{"level":"\u001b[32minfo\u001b[39m","message":"Redis connection established","metadata":{"timestamp":"2025-05-24 18:58:55"}}
{"level":"\u001b[32minfo\u001b[39m","message":"Server is running on port 5000","metadata":{"timestamp":"2025-05-24 18:58:55"}}
{"level":"\u001b[32minfo\u001b[39m","message":"Environment: development","metadata":{"timestamp":"2025-05-24 18:58:55"}}
{"level":"\u001b[32minfo\u001b[39m","message":"MongoDB Connected: host.docker.internal","metadata":{"timestamp":"2025-05-24 19:06:25"}}
{"level":"\u001b[32minfo\u001b[39m","message":"Connected to Redis successfully","metadata":{"timestamp":"2025-05-24 19:06:25"}}
{"level":"\u001b[32minfo\u001b[39m","message":"Redis connection established","metadata":{"timestamp":"2025-05-24 19:06:25"}}
{"level":"\u001b[32minfo\u001b[39m","message":"Server is running on port 5000","metadata":{"timestamp":"2025-05-24 19:06:25"}}
{"level":"\u001b[32minfo\u001b[39m","message":"Environment: development","metadata":{"timestamp":"2025-05-24 19:06:25"}}
{"level":"\u001b[31merror\u001b[39m","message":"Authentication error: error is not defined","metadata":{"stack":"ReferenceError: error is not defined\n    at SessionManager.verifySession (/app/utils/sessionManager.js:36:54)\n    at requireAuth (/app/middleware/auth.js:81:42)\n    at Layer.handleRequest (/app/node_modules/router/lib/layer.js:152:17)\n    at next (/app/node_modules/router/lib/route.js:157:13)\n    at Route.dispatch (/app/node_modules/router/lib/route.js:117:3)\n    at handle (/app/node_modules/router/index.js:435:11)\n    at Layer.handleRequest (/app/node_modules/router/lib/layer.js:152:17)\n    at /app/node_modules/router/index.js:295:15\n    at processParams (/app/node_modules/router/index.js:582:12)\n    at next (/app/node_modules/router/index.js:291:5)","timestamp":"2025-05-24 19:06:29"}}
{"level":"\u001b[31merror\u001b[39m","message":"Authentication error: error is not defined","metadata":{"stack":"ReferenceError: error is not defined\n    at SessionManager.verifySession (/app/utils/sessionManager.js:36:54)\n    at requireAuth (/app/middleware/auth.js:81:42)\n    at Layer.handleRequest (/app/node_modules/router/lib/layer.js:152:17)\n    at next (/app/node_modules/router/lib/route.js:157:13)\n    at Route.dispatch (/app/node_modules/router/lib/route.js:117:3)\n    at handle (/app/node_modules/router/index.js:435:11)\n    at Layer.handleRequest (/app/node_modules/router/lib/layer.js:152:17)\n    at /app/node_modules/router/index.js:295:15\n    at processParams (/app/node_modules/router/index.js:582:12)\n    at next (/app/node_modules/router/index.js:291:5)","timestamp":"2025-05-24 19:06:36"}}
{"level":"\u001b[32minfo\u001b[39m","message":"MongoDB Connected: host.docker.internal","metadata":{"timestamp":"2025-05-24 19:07:16"}}
{"level":"\u001b[32minfo\u001b[39m","message":"Connected to Redis successfully","metadata":{"timestamp":"2025-05-24 19:07:16"}}
{"level":"\u001b[32minfo\u001b[39m","message":"Redis connection established","metadata":{"timestamp":"2025-05-24 19:07:16"}}
{"level":"\u001b[32minfo\u001b[39m","message":"Server is running on port 5000","metadata":{"timestamp":"2025-05-24 19:07:16"}}
{"level":"\u001b[32minfo\u001b[39m","message":"Environment: development","metadata":{"timestamp":"2025-05-24 19:07:16"}}
{"level":"\u001b[31merror\u001b[39m","message":"Authentication error: error is not defined","metadata":{"stack":"ReferenceError: error is not defined\n    at SessionManager.verifySession (/app/utils/sessionManager.js:36:54)\n    at requireAuth (/app/middleware/auth.js:81:42)\n    at Layer.handleRequest (/app/node_modules/router/lib/layer.js:152:17)\n    at next (/app/node_modules/router/lib/route.js:157:13)\n    at Route.dispatch (/app/node_modules/router/lib/route.js:117:3)\n    at handle (/app/node_modules/router/index.js:435:11)\n    at Layer.handleRequest (/app/node_modules/router/lib/layer.js:152:17)\n    at /app/node_modules/router/index.js:295:15\n    at processParams (/app/node_modules/router/index.js:582:12)\n    at next (/app/node_modules/router/index.js:291:5)","timestamp":"2025-05-24 19:07:20"}}
{"level":"\u001b[32minfo\u001b[39m","message":"MongoDB Connected: host.docker.internal","metadata":{"timestamp":"2025-05-24 19:08:07"}}
{"level":"\u001b[32minfo\u001b[39m","message":"Connected to Redis successfully","metadata":{"timestamp":"2025-05-24 19:08:07"}}
{"level":"\u001b[32minfo\u001b[39m","message":"Redis connection established","metadata":{"timestamp":"2025-05-24 19:08:07"}}
{"level":"\u001b[32minfo\u001b[39m","message":"Server is running on port 5000","metadata":{"timestamp":"2025-05-24 19:08:07"}}
{"level":"\u001b[32minfo\u001b[39m","message":"Environment: development","metadata":{"timestamp":"2025-05-24 19:08:07"}}
{"level":"\u001b[31merror\u001b[39m","message":"Authentication error: error is not defined","metadata":{"stack":"ReferenceError: error is not defined\n    at SessionManager.verifySession (/app/utils/sessionManager.js:36:54)\n    at requireAuth (/app/middleware/auth.js:81:42)\n    at Layer.handleRequest (/app/node_modules/router/lib/layer.js:152:17)\n    at next (/app/node_modules/router/lib/route.js:157:13)\n    at Route.dispatch (/app/node_modules/router/lib/route.js:117:3)\n    at handle (/app/node_modules/router/index.js:435:11)\n    at Layer.handleRequest (/app/node_modules/router/lib/layer.js:152:17)\n    at /app/node_modules/router/index.js:295:15\n    at processParams (/app/node_modules/router/index.js:582:12)\n    at next (/app/node_modules/router/index.js:291:5)","timestamp":"2025-05-24 19:08:10"}}
{"level":"\u001b[31merror\u001b[39m","message":"Authentication error: error is not defined","metadata":{"stack":"ReferenceError: error is not defined\n    at SessionManager.verifySession (/app/utils/sessionManager.js:36:54)\n    at requireAuth (/app/middleware/auth.js:81:42)\n    at Layer.handleRequest (/app/node_modules/router/lib/layer.js:152:17)\n    at next (/app/node_modules/router/lib/route.js:157:13)\n    at Route.dispatch (/app/node_modules/router/lib/route.js:117:3)\n    at handle (/app/node_modules/router/index.js:435:11)\n    at Layer.handleRequest (/app/node_modules/router/lib/layer.js:152:17)\n    at /app/node_modules/router/index.js:295:15\n    at processParams (/app/node_modules/router/index.js:582:12)\n    at next (/app/node_modules/router/index.js:291:5)","timestamp":"2025-05-24 19:08:15"}}
{"level":"\u001b[32minfo\u001b[39m","message":"MongoDB Connected: host.docker.internal","metadata":{"timestamp":"2025-05-24 19:08:45"}}
{"level":"\u001b[32minfo\u001b[39m","message":"Connected to Redis successfully","metadata":{"timestamp":"2025-05-24 19:08:45"}}
{"level":"\u001b[32minfo\u001b[39m","message":"Redis connection established","metadata":{"timestamp":"2025-05-24 19:08:45"}}
{"level":"\u001b[32minfo\u001b[39m","message":"Server is running on port 5000","metadata":{"timestamp":"2025-05-24 19:08:45"}}
{"level":"\u001b[32minfo\u001b[39m","message":"Environment: development","metadata":{"timestamp":"2025-05-24 19:08:45"}}
{"level":"\u001b[31merror\u001b[39m","message":"Authentication error: error is not defined","metadata":{"stack":"ReferenceError: error is not defined\n    at SessionManager.verifySession (/app/utils/sessionManager.js:36:54)\n    at requireAuth (/app/middleware/auth.js:81:42)\n    at Layer.handleRequest (/app/node_modules/router/lib/layer.js:152:17)\n    at next (/app/node_modules/router/lib/route.js:157:13)\n    at Route.dispatch (/app/node_modules/router/lib/route.js:117:3)\n    at handle (/app/node_modules/router/index.js:435:11)\n    at Layer.handleRequest (/app/node_modules/router/lib/layer.js:152:17)\n    at /app/node_modules/router/index.js:295:15\n    at processParams (/app/node_modules/router/index.js:582:12)\n    at next (/app/node_modules/router/index.js:291:5)","timestamp":"2025-05-24 19:08:52"}}
{"level":"\u001b[32minfo\u001b[39m","message":"User logged in: kida (ID: 6831fb7092c019844a244877)","metadata":{"timestamp":"2025-05-24 19:09:49"}}
{"level":"\u001b[31merror\u001b[39m","message":"Authentication error: error is not defined","metadata":{"stack":"ReferenceError: error is not defined\n    at SessionManager.verifySession (/app/utils/sessionManager.js:36:54)\n    at requireAuth (/app/middleware/auth.js:81:42)\n    at Layer.handleRequest (/app/node_modules/router/lib/layer.js:152:17)\n    at next (/app/node_modules/router/lib/route.js:157:13)\n    at Route.dispatch (/app/node_modules/router/lib/route.js:117:3)\n    at handle (/app/node_modules/router/index.js:435:11)\n    at Layer.handleRequest (/app/node_modules/router/lib/layer.js:152:17)\n    at /app/node_modules/router/index.js:295:15\n    at processParams (/app/node_modules/router/index.js:582:12)\n    at next (/app/node_modules/router/index.js:291:5)","timestamp":"2025-05-24 19:10:15"}}
{"level":"\u001b[32minfo\u001b[39m","message":"MongoDB Connected: host.docker.internal","metadata":{"timestamp":"2025-05-24 19:16:13"}}
{"level":"\u001b[32minfo\u001b[39m","message":"Connected to Redis successfully","metadata":{"timestamp":"2025-05-24 19:16:13"}}
{"level":"\u001b[32minfo\u001b[39m","message":"Redis connection established","metadata":{"timestamp":"2025-05-24 19:16:13"}}
{"level":"\u001b[32minfo\u001b[39m","message":"Server is running on port 5000","metadata":{"timestamp":"2025-05-24 19:16:13"}}
{"level":"\u001b[32minfo\u001b[39m","message":"Environment: development","metadata":{"timestamp":"2025-05-24 19:16:13"}}
{"level":"\u001b[31merror\u001b[39m","message":"Failed to verify session client is not defined","metadata":{"stack":"ReferenceError: client is not defined\n    at SessionManager.verifySession (/app/utils/sessionManager.js:29:33)\n    at requireAuth (/app/middleware/auth.js:81:42)\n    at Layer.handleRequest (/app/node_modules/router/lib/layer.js:152:17)\n    at next (/app/node_modules/router/lib/route.js:157:13)\n    at Route.dispatch (/app/node_modules/router/lib/route.js:117:3)\n    at handle (/app/node_modules/router/index.js:435:11)\n    at Layer.handleRequest (/app/node_modules/router/lib/layer.js:152:17)\n    at /app/node_modules/router/index.js:295:15\n    at processParams (/app/node_modules/router/index.js:582:12)\n    at next (/app/node_modules/router/index.js:291:5)","timestamp":"2025-05-24 19:16:32"}}
{"level":"\u001b[31merror\u001b[39m","message":"Authentication error: Failed to verify session","metadata":{"stack":"Error: Failed to verify session\n    at SessionManager.verifySession (/app/utils/sessionManager.js:37:19)\n    at requireAuth (/app/middleware/auth.js:81:42)\n    at Layer.handleRequest (/app/node_modules/router/lib/layer.js:152:17)\n    at next (/app/node_modules/router/lib/route.js:157:13)\n    at Route.dispatch (/app/node_modules/router/lib/route.js:117:3)\n    at handle (/app/node_modules/router/index.js:435:11)\n    at Layer.handleRequest (/app/node_modules/router/lib/layer.js:152:17)\n    at /app/node_modules/router/index.js:295:15\n    at processParams (/app/node_modules/router/index.js:582:12)\n    at next (/app/node_modules/router/index.js:291:5)","timestamp":"2025-05-24 19:16:32"}}
{"level":"\u001b[32minfo\u001b[39m","message":"MongoDB Connected: host.docker.internal","metadata":{"timestamp":"2025-05-24 19:17:27"}}
{"level":"\u001b[32minfo\u001b[39m","message":"Connected to Redis successfully","metadata":{"timestamp":"2025-05-24 19:17:27"}}
{"level":"\u001b[32minfo\u001b[39m","message":"Redis connection established","metadata":{"timestamp":"2025-05-24 19:17:27"}}
{"level":"\u001b[32minfo\u001b[39m","message":"Server is running on port 5000","metadata":{"timestamp":"2025-05-24 19:17:27"}}
{"level":"\u001b[32minfo\u001b[39m","message":"Environment: development","metadata":{"timestamp":"2025-05-24 19:17:27"}}
{"level":"\u001b[31merror\u001b[39m","message":"Failed to verify session sessionToken is not defined","metadata":{"stack":"ReferenceError: sessionToken is not defined\n    at SessionManager.verifySession (/app/utils/sessionManager.js:29:12)\n    at requireAuth (/app/middleware/auth.js:81:42)\n    at Layer.handleRequest (/app/node_modules/router/lib/layer.js:152:17)\n    at next (/app/node_modules/router/lib/route.js:157:13)\n    at Route.dispatch (/app/node_modules/router/lib/route.js:117:3)\n    at handle (/app/node_modules/router/index.js:435:11)\n    at Layer.handleRequest (/app/node_modules/router/lib/layer.js:152:17)\n    at /app/node_modules/router/index.js:295:15\n    at processParams (/app/node_modules/router/index.js:582:12)\n    at next (/app/node_modules/router/index.js:291:5)","timestamp":"2025-05-24 19:17:30"}}
{"level":"\u001b[31merror\u001b[39m","message":"Authentication error: Failed to verify session","metadata":{"stack":"Error: Failed to verify session\n    at SessionManager.verifySession (/app/utils/sessionManager.js:36:19)\n    at requireAuth (/app/middleware/auth.js:81:42)\n    at Layer.handleRequest (/app/node_modules/router/lib/layer.js:152:17)\n    at next (/app/node_modules/router/lib/route.js:157:13)\n    at Route.dispatch (/app/node_modules/router/lib/route.js:117:3)\n    at handle (/app/node_modules/router/index.js:435:11)\n    at Layer.handleRequest (/app/node_modules/router/lib/layer.js:152:17)\n    at /app/node_modules/router/index.js:295:15\n    at processParams (/app/node_modules/router/index.js:582:12)\n    at next (/app/node_modules/router/index.js:291:5)","timestamp":"2025-05-24 19:17:30"}}
{"level":"\u001b[32minfo\u001b[39m","message":"MongoDB Connected: host.docker.internal","metadata":{"timestamp":"2025-05-24 19:18:05"}}
{"level":"\u001b[32minfo\u001b[39m","message":"Connected to Redis successfully","metadata":{"timestamp":"2025-05-24 19:18:05"}}
{"level":"\u001b[32minfo\u001b[39m","message":"Redis connection established","metadata":{"timestamp":"2025-05-24 19:18:05"}}
{"level":"\u001b[32minfo\u001b[39m","message":"Server is running on port 5000","metadata":{"timestamp":"2025-05-24 19:18:05"}}
{"level":"\u001b[32minfo\u001b[39m","message":"Environment: development","metadata":{"timestamp":"2025-05-24 19:18:05"}}
{"level":"\u001b[31merror\u001b[39m","message":"Failed to verify session sessionToken is not defined","metadata":{"stack":"ReferenceError: sessionToken is not defined\n    at SessionManager.verifySession (/app/utils/sessionManager.js:29:12)\n    at requireAuth (/app/middleware/auth.js:81:42)\n    at Layer.handleRequest (/app/node_modules/router/lib/layer.js:152:17)\n    at next (/app/node_modules/router/lib/route.js:157:13)\n    at Route.dispatch (/app/node_modules/router/lib/route.js:117:3)\n    at handle (/app/node_modules/router/index.js:435:11)\n    at Layer.handleRequest (/app/node_modules/router/lib/layer.js:152:17)\n    at /app/node_modules/router/index.js:295:15\n    at processParams (/app/node_modules/router/index.js:582:12)\n    at next (/app/node_modules/router/index.js:291:5)","timestamp":"2025-05-24 19:18:08"}}
{"level":"\u001b[31merror\u001b[39m","message":"Authentication error: Failed to verify session","metadata":{"stack":"Error: Failed to verify session\n    at SessionManager.verifySession (/app/utils/sessionManager.js:36:19)\n    at requireAuth (/app/middleware/auth.js:81:42)\n    at Layer.handleRequest (/app/node_modules/router/lib/layer.js:152:17)\n    at next (/app/node_modules/router/lib/route.js:157:13)\n    at Route.dispatch (/app/node_modules/router/lib/route.js:117:3)\n    at handle (/app/node_modules/router/index.js:435:11)\n    at Layer.handleRequest (/app/node_modules/router/lib/layer.js:152:17)\n    at /app/node_modules/router/index.js:295:15\n    at processParams (/app/node_modules/router/index.js:582:12)\n    at next (/app/node_modules/router/index.js:291:5)","timestamp":"2025-05-24 19:18:08"}}
{"level":"\u001b[32minfo\u001b[39m","message":"MongoDB Connected: host.docker.internal","metadata":{"timestamp":"2025-05-24 19:23:26"}}
{"level":"\u001b[32minfo\u001b[39m","message":"Connected to Redis successfully","metadata":{"timestamp":"2025-05-24 19:23:26"}}
{"level":"\u001b[32minfo\u001b[39m","message":"Redis connection established","metadata":{"timestamp":"2025-05-24 19:23:26"}}
{"level":"\u001b[32minfo\u001b[39m","message":"Server is running on port 5000","metadata":{"timestamp":"2025-05-24 19:23:26"}}
{"level":"\u001b[32minfo\u001b[39m","message":"Environment: development","metadata":{"timestamp":"2025-05-24 19:23:26"}}
{"level":"\u001b[31merror\u001b[39m","message":"Failed to verify session sessionToken is not defined","metadata":{"stack":"ReferenceError: sessionToken is not defined\n    at SessionManager.verifySession (/app/utils/sessionManager.js:29:12)\n    at requireAuth (/app/middleware/auth.js:81:42)\n    at Layer.handleRequest (/app/node_modules/router/lib/layer.js:152:17)\n    at next (/app/node_modules/router/lib/route.js:157:13)\n    at Route.dispatch (/app/node_modules/router/lib/route.js:117:3)\n    at handle (/app/node_modules/router/index.js:435:11)\n    at Layer.handleRequest (/app/node_modules/router/lib/layer.js:152:17)\n    at /app/node_modules/router/index.js:295:15\n    at processParams (/app/node_modules/router/index.js:582:12)\n    at next (/app/node_modules/router/index.js:291:5)","timestamp":"2025-05-24 19:23:29"}}
{"level":"\u001b[31merror\u001b[39m","message":"Authentication error: Failed to verify session","metadata":{"stack":"Error: Failed to verify session\n    at SessionManager.verifySession (/app/utils/sessionManager.js:42:19)\n    at requireAuth (/app/middleware/auth.js:81:42)\n    at Layer.handleRequest (/app/node_modules/router/lib/layer.js:152:17)\n    at next (/app/node_modules/router/lib/route.js:157:13)\n    at Route.dispatch (/app/node_modules/router/lib/route.js:117:3)\n    at handle (/app/node_modules/router/index.js:435:11)\n    at Layer.handleRequest (/app/node_modules/router/lib/layer.js:152:17)\n    at /app/node_modules/router/index.js:295:15\n    at processParams (/app/node_modules/router/index.js:582:12)\n    at next (/app/node_modules/router/index.js:291:5)","timestamp":"2025-05-24 19:23:29"}}
{"level":"\u001b[32minfo\u001b[39m","message":"MongoDB Connected: host.docker.internal","metadata":{"timestamp":"2025-05-24 19:24:00"}}
{"level":"\u001b[32minfo\u001b[39m","message":"Connected to Redis successfully","metadata":{"timestamp":"2025-05-24 19:24:00"}}
{"level":"\u001b[32minfo\u001b[39m","message":"Redis connection established","metadata":{"timestamp":"2025-05-24 19:24:00"}}
{"level":"\u001b[32minfo\u001b[39m","message":"Server is running on port 5000","metadata":{"timestamp":"2025-05-24 19:24:00"}}
{"level":"\u001b[32minfo\u001b[39m","message":"Environment: development","metadata":{"timestamp":"2025-05-24 19:24:00"}}
{"level":"\u001b[31merror\u001b[39m","message":"Failed to verify session sessionToken is not defined","metadata":{"stack":"ReferenceError: sessionToken is not defined\n    at SessionManager.verifySession (/app/utils/sessionManager.js:29:12)\n    at requireAuth (/app/middleware/auth.js:81:42)\n    at Layer.handleRequest (/app/node_modules/router/lib/layer.js:152:17)\n    at next (/app/node_modules/router/lib/route.js:157:13)\n    at Route.dispatch (/app/node_modules/router/lib/route.js:117:3)\n    at handle (/app/node_modules/router/index.js:435:11)\n    at Layer.handleRequest (/app/node_modules/router/lib/layer.js:152:17)\n    at /app/node_modules/router/index.js:295:15\n    at processParams (/app/node_modules/router/index.js:582:12)\n    at next (/app/node_modules/router/index.js:291:5)","timestamp":"2025-05-24 19:24:04"}}
{"level":"\u001b[31merror\u001b[39m","message":"Authentication error: ErrorResponse is not a constructor","metadata":{"stack":"TypeError: ErrorResponse is not a constructor\n    at requireAuth (/app/middleware/auth.js:83:13)\n    at process.processTicksAndRejections (node:internal/process/task_queues:95:5)","timestamp":"2025-05-24 19:24:04"}}
{"level":"\u001b[32minfo\u001b[39m","message":"MongoDB Connected: host.docker.internal","metadata":{"timestamp":"2025-05-24 19:24:27"}}
{"level":"\u001b[32minfo\u001b[39m","message":"Connected to Redis successfully","metadata":{"timestamp":"2025-05-24 19:24:27"}}
{"level":"\u001b[32minfo\u001b[39m","message":"Redis connection established","metadata":{"timestamp":"2025-05-24 19:24:27"}}
{"level":"\u001b[32minfo\u001b[39m","message":"Server is running on port 5000","metadata":{"timestamp":"2025-05-24 19:24:27"}}
{"level":"\u001b[32minfo\u001b[39m","message":"Environment: development","metadata":{"timestamp":"2025-05-24 19:24:27"}}
{"level":"\u001b[31merror\u001b[39m","message":"Failed to verify session sessionToken is not defined","metadata":{"stack":"ReferenceError: sessionToken is not defined\n    at SessionManager.verifySession (/app/utils/sessionManager.js:30:51)\n    at requireAuth (/app/middleware/auth.js:81:42)\n    at Layer.handleRequest (/app/node_modules/router/lib/layer.js:152:17)\n    at next (/app/node_modules/router/lib/route.js:157:13)\n    at Route.dispatch (/app/node_modules/router/lib/route.js:117:3)\n    at handle (/app/node_modules/router/index.js:435:11)\n    at Layer.handleRequest (/app/node_modules/router/lib/layer.js:152:17)\n    at /app/node_modules/router/index.js:295:15\n    at processParams (/app/node_modules/router/index.js:582:12)\n    at next (/app/node_modules/router/index.js:291:5)","timestamp":"2025-05-24 19:24:30"}}
{"level":"\u001b[31merror\u001b[39m","message":"Authentication error: ErrorResponse is not a constructor","metadata":{"stack":"TypeError: ErrorResponse is not a constructor\n    at requireAuth (/app/middleware/auth.js:83:13)\n    at process.processTicksAndRejections (node:internal/process/task_queues:95:5)","timestamp":"2025-05-24 19:24:30"}}
{"level":"\u001b[32minfo\u001b[39m","message":"MongoDB Connected: host.docker.internal","metadata":{"timestamp":"2025-05-24 19:30:19"}}
{"level":"\u001b[32minfo\u001b[39m","message":"Connected to Redis successfully","metadata":{"timestamp":"2025-05-24 19:30:19"}}
{"level":"\u001b[32minfo\u001b[39m","message":"Redis connection established","metadata":{"timestamp":"2025-05-24 19:30:19"}}
{"level":"\u001b[32minfo\u001b[39m","message":"Server is running on port 5000","metadata":{"timestamp":"2025-05-24 19:30:19"}}
{"level":"\u001b[32minfo\u001b[39m","message":"Environment: development","metadata":{"timestamp":"2025-05-24 19:30:19"}}
{"level":"\u001b[33mwarn\u001b[39m","message":"Invalid session token format","metadata":{"timestamp":"2025-05-24 19:30:21"}}
{"level":"\u001b[31merror\u001b[39m","message":"Authentication error: ErrorResponse is not a constructor","metadata":{"stack":"TypeError: ErrorResponse is not a constructor\n    at requireAuth (/app/middleware/auth.js:83:13)\n    at process.processTicksAndRejections (node:internal/process/task_queues:95:5)","timestamp":"2025-05-24 19:30:21"}}
{"level":"\u001b[33mwarn\u001b[39m","message":"Invalid session token format","metadata":{"timestamp":"2025-05-24 19:30:23"}}
{"level":"\u001b[31merror\u001b[39m","message":"Authentication error: ErrorResponse is not a constructor","metadata":{"stack":"TypeError: ErrorResponse is not a constructor\n    at requireAuth (/app/middleware/auth.js:83:13)\n    at process.processTicksAndRejections (node:internal/process/task_queues:95:5)","timestamp":"2025-05-24 19:30:23"}}
{"level":"\u001b[32minfo\u001b[39m","message":"MongoDB Connected: host.docker.internal","metadata":{"timestamp":"2025-05-24 19:35:11"}}
{"level":"\u001b[32minfo\u001b[39m","message":"Connected to Redis successfully","metadata":{"timestamp":"2025-05-24 19:35:11"}}
{"level":"\u001b[32minfo\u001b[39m","message":"Redis connection established","metadata":{"timestamp":"2025-05-24 19:35:11"}}
{"level":"\u001b[32minfo\u001b[39m","message":"Server is running on port 5000","metadata":{"timestamp":"2025-05-24 19:35:11"}}
{"level":"\u001b[32minfo\u001b[39m","message":"Environment: development","metadata":{"timestamp":"2025-05-24 19:35:11"}}
{"level":"\u001b[33mwarn\u001b[39m","message":"Invalid session token format","metadata":{"timestamp":"2025-05-24 19:35:15"}}
{"level":"\u001b[31merror\u001b[39m","message":"Authentication error: Invalid session","metadata":{"stack":"Error: Invalid session\n    at requireAuth (/app/middleware/auth.js:83:13)\n    at process.processTicksAndRejections (node:internal/process/task_queues:95:5)","timestamp":"2025-05-24 19:35:15"}}
{"level":"\u001b[32minfo\u001b[39m","message":"MongoDB Connected: host.docker.internal","metadata":{"timestamp":"2025-05-24 19:35:50"}}
{"level":"\u001b[32minfo\u001b[39m","message":"Connected to Redis successfully","metadata":{"timestamp":"2025-05-24 19:35:50"}}
{"level":"\u001b[32minfo\u001b[39m","message":"Redis connection established","metadata":{"timestamp":"2025-05-24 19:35:50"}}
{"level":"\u001b[32minfo\u001b[39m","message":"Server is running on port 5000","metadata":{"timestamp":"2025-05-24 19:35:50"}}
{"level":"\u001b[32minfo\u001b[39m","message":"Environment: development","metadata":{"timestamp":"2025-05-24 19:35:50"}}
{"level":"\u001b[33mwarn\u001b[39m","message":"Invalid session token format","metadata":{"timestamp":"2025-05-24 19:35:54"}}
{"level":"\u001b[32minfo\u001b[39m","message":"MongoDB Connected: host.docker.internal","metadata":{"timestamp":"2025-05-24 19:40:07"}}
{"level":"\u001b[32minfo\u001b[39m","message":"Connected to Redis successfully","metadata":{"timestamp":"2025-05-24 19:40:07"}}
{"level":"\u001b[32minfo\u001b[39m","message":"Redis connection established","metadata":{"timestamp":"2025-05-24 19:40:07"}}
{"level":"\u001b[32minfo\u001b[39m","message":"Server is running on port 5000","metadata":{"timestamp":"2025-05-24 19:40:07"}}
{"level":"\u001b[32minfo\u001b[39m","message":"Environment: development","metadata":{"timestamp":"2025-05-24 19:40:07"}}
{"level":"\u001b[32minfo\u001b[39m","message":"MongoDB Connected: host.docker.internal","metadata":{"timestamp":"2025-05-24 19:40:33"}}
{"level":"\u001b[32minfo\u001b[39m","message":"Connected to Redis successfully","metadata":{"timestamp":"2025-05-24 19:40:33"}}
{"level":"\u001b[32minfo\u001b[39m","message":"Redis connection established","metadata":{"timestamp":"2025-05-24 19:40:33"}}
{"level":"\u001b[32minfo\u001b[39m","message":"Server is running on port 5000","metadata":{"timestamp":"2025-05-24 19:40:33"}}
{"level":"\u001b[32minfo\u001b[39m","message":"Environment: development","metadata":{"timestamp":"2025-05-24 19:40:33"}}
{"level":"\u001b[33mwarn\u001b[39m","message":"Invalid session token format","metadata":{"timestamp":"2025-05-24 19:40:35"}}
{"level":"\u001b[31merror\u001b[39m","message":"Authentication error: Invalid session","metadata":{"stack":"Error: Invalid session\n    at requireAuth (/app/middleware/auth.js:83:13)\n    at process.processTicksAndRejections (node:internal/process/task_queues:95:5)","timestamp":"2025-05-24 19:40:35"}}
{"level":"\u001b[32minfo\u001b[39m","message":"MongoDB Connected: host.docker.internal","metadata":{"timestamp":"2025-05-24 19:55:03"}}
{"level":"\u001b[32minfo\u001b[39m","message":"Connected to Redis successfully","metadata":{"timestamp":"2025-05-24 19:55:03"}}
{"level":"\u001b[32minfo\u001b[39m","message":"Redis connection established","metadata":{"timestamp":"2025-05-24 19:55:03"}}
{"level":"\u001b[32minfo\u001b[39m","message":"Server is running on port 5000","metadata":{"timestamp":"2025-05-24 19:55:03"}}
{"level":"\u001b[32minfo\u001b[39m","message":"Environment: development","metadata":{"timestamp":"2025-05-24 19:55:03"}}
{"level":"\u001b[32minfo\u001b[39m","message":"MongoDB Connected: host.docker.internal","metadata":{"timestamp":"2025-05-24 19:55:32"}}
{"level":"\u001b[32minfo\u001b[39m","message":"Connected to Redis successfully","metadata":{"timestamp":"2025-05-24 19:55:32"}}
{"level":"\u001b[32minfo\u001b[39m","message":"Redis connection established","metadata":{"timestamp":"2025-05-24 19:55:32"}}
{"level":"\u001b[32minfo\u001b[39m","message":"Server is running on port 5000","metadata":{"timestamp":"2025-05-24 19:55:32"}}
{"level":"\u001b[32minfo\u001b[39m","message":"Environment: development","metadata":{"timestamp":"2025-05-24 19:55:32"}}
{"level":"\u001b[33mwarn\u001b[39m","message":"Invalid session token format","metadata":{"timestamp":"2025-05-24 19:55:36"}}
{"level":"\u001b[32minfo\u001b[39m","message":"MongoDB Connected: host.docker.internal","metadata":{"timestamp":"2025-05-24 19:59:26"}}
{"level":"\u001b[32minfo\u001b[39m","message":"Connected to Redis successfully","metadata":{"timestamp":"2025-05-24 19:59:26"}}
{"level":"\u001b[32minfo\u001b[39m","message":"Redis connection established","metadata":{"timestamp":"2025-05-24 19:59:26"}}
{"level":"\u001b[32minfo\u001b[39m","message":"Server is running on port 5000","metadata":{"timestamp":"2025-05-24 19:59:26"}}
{"level":"\u001b[32minfo\u001b[39m","message":"Environment: development","metadata":{"timestamp":"2025-05-24 19:59:26"}}
{"level":"\u001b[33mwarn\u001b[39m","message":"Malformed token received: 6831fb7092c019844a244877","metadata":{"timestamp":"2025-05-24 19:59:28"}}
{"level":"\u001b[32minfo\u001b[39m","message":"User logged in: kida (ID: 6831fb7092c019844a244877)","metadata":{"timestamp":"2025-05-24 20:00:02"}}
{"level":"\u001b[33mwarn\u001b[39m","message":"Malformed token received: 6831fb7092c019844a244877","metadata":{"timestamp":"2025-05-24 20:00:29"}}
{"level":"\u001b[32minfo\u001b[39m","message":"MongoDB Connected: host.docker.internal","metadata":{"timestamp":"2025-05-24 20:01:55"}}
{"level":"\u001b[32minfo\u001b[39m","message":"Connected to Redis successfully","metadata":{"timestamp":"2025-05-24 20:01:55"}}
{"level":"\u001b[32minfo\u001b[39m","message":"Redis connection established","metadata":{"timestamp":"2025-05-24 20:01:55"}}
{"level":"\u001b[32minfo\u001b[39m","message":"Server is running on port 5000","metadata":{"timestamp":"2025-05-24 20:01:55"}}
{"level":"\u001b[32minfo\u001b[39m","message":"Environment: development","metadata":{"timestamp":"2025-05-24 20:01:55"}}
{"level":"\u001b[33mwarn\u001b[39m","message":"Malformed token received: 6831fb7092c019844a244877","metadata":{"timestamp":"2025-05-24 20:01:59"}}
{"level":"\u001b[32minfo\u001b[39m","message":"User logged in: kida (ID: 6831fb7092c019844a244877)","metadata":{"timestamp":"2025-05-24 20:04:06"}}
{"level":"\u001b[33mwarn\u001b[39m","message":"Malformed token received: 6831fb7092c019844a244877","metadata":{"timestamp":"2025-05-24 20:04:26"}}
{"level":"\u001b[32minfo\u001b[39m","message":"MongoDB Connected: host.docker.internal","metadata":{"timestamp":"2025-05-24 20:05:13"}}
{"level":"\u001b[32minfo\u001b[39m","message":"Connected to Redis successfully","metadata":{"timestamp":"2025-05-24 20:05:13"}}
{"level":"\u001b[32minfo\u001b[39m","message":"Redis connection established","metadata":{"timestamp":"2025-05-24 20:05:13"}}
{"level":"\u001b[32minfo\u001b[39m","message":"Server is running on port 5000","metadata":{"timestamp":"2025-05-24 20:05:13"}}
{"level":"\u001b[32minfo\u001b[39m","message":"Environment: development","metadata":{"timestamp":"2025-05-24 20:05:13"}}
{"level":"\u001b[32minfo\u001b[39m","message":"User logged in: kida (ID: 6831fb7092c019844a244877)","metadata":{"timestamp":"2025-05-24 20:07:44"}}
{"level":"\u001b[32minfo\u001b[39m","message":"MongoDB Connected: host.docker.internal","metadata":{"timestamp":"2025-05-24 20:11:42"}}
{"level":"\u001b[32minfo\u001b[39m","message":"Connected to Redis successfully","metadata":{"timestamp":"2025-05-24 20:11:42"}}
{"level":"\u001b[32minfo\u001b[39m","message":"Redis connection established","metadata":{"timestamp":"2025-05-24 20:11:42"}}
{"level":"\u001b[32minfo\u001b[39m","message":"Server is running on port 5000","metadata":{"timestamp":"2025-05-24 20:11:42"}}
{"level":"\u001b[32minfo\u001b[39m","message":"Environment: development","metadata":{"timestamp":"2025-05-24 20:11:42"}}
{"level":"\u001b[32minfo\u001b[39m","message":"MongoDB Connected: host.docker.internal","metadata":{"timestamp":"2025-05-24 20:18:18"}}
{"level":"\u001b[32minfo\u001b[39m","message":"Connected to Redis successfully","metadata":{"timestamp":"2025-05-24 20:18:18"}}
{"level":"\u001b[32minfo\u001b[39m","message":"Redis connection established","metadata":{"timestamp":"2025-05-24 20:18:18"}}
{"level":"\u001b[32minfo\u001b[39m","message":"Server is running on port 5000","metadata":{"timestamp":"2025-05-24 20:18:18"}}
{"level":"\u001b[32minfo\u001b[39m","message":"Environment: development","metadata":{"timestamp":"2025-05-24 20:18:18"}}
{"level":"\u001b[32minfo\u001b[39m","message":"MongoDB Connected: host.docker.internal","metadata":{"timestamp":"2025-05-24 20:18:41"}}
{"level":"\u001b[32minfo\u001b[39m","message":"Connected to Redis successfully","metadata":{"timestamp":"2025-05-24 20:18:41"}}
{"level":"\u001b[32minfo\u001b[39m","message":"Redis connection established","metadata":{"timestamp":"2025-05-24 20:18:41"}}
{"level":"\u001b[32minfo\u001b[39m","message":"Server is running on port 5000","metadata":{"timestamp":"2025-05-24 20:18:41"}}
{"level":"\u001b[32minfo\u001b[39m","message":"Environment: development","metadata":{"timestamp":"2025-05-24 20:18:41"}}
{"level":"\u001b[32minfo\u001b[39m","message":"MongoDB Connected: host.docker.internal","metadata":{"timestamp":"2025-05-24 20:19:24"}}
{"level":"\u001b[32minfo\u001b[39m","message":"Connected to Redis successfully","metadata":{"timestamp":"2025-05-24 20:19:24"}}
{"level":"\u001b[32minfo\u001b[39m","message":"Redis connection established","metadata":{"timestamp":"2025-05-24 20:19:24"}}
{"level":"\u001b[32minfo\u001b[39m","message":"Server is running on port 5000","metadata":{"timestamp":"2025-05-24 20:19:24"}}
{"level":"\u001b[32minfo\u001b[39m","message":"Environment: development","metadata":{"timestamp":"2025-05-24 20:19:24"}}
{"level":"\u001b[33mwarn\u001b[39m","message":"Malformed token received: 6831fb7092c019844a244877","metadata":{"timestamp":"2025-05-24 20:19:27"}}
{"level":"\u001b[32minfo\u001b[39m","message":"User logged in: kida (ID: 6831fb7092c019844a244877)","metadata":{"timestamp":"2025-05-24 20:19:36"}}
{"level":"\u001b[33mwarn\u001b[39m","message":"Malformed token received: 6831fb7092c019844a244877:1748117976499","metadata":{"timestamp":"2025-05-24 20:19:53"}}
{"level":"\u001b[33mwarn\u001b[39m","message":"Session not found in Redis: session:6831fb7092c019844a244877:1624567890123","metadata":{"timestamp":"2025-05-24 20:20:14"}}
{"level":"\u001b[33mwarn\u001b[39m","message":"Invalid session for token: session:6831fb7092c019844a244877:1624567890123","metadata":{"timestamp":"2025-05-24 20:20:14"}}
{"level":"\u001b[32minfo\u001b[39m","message":"User logged in: kida (ID: 6831fb7092c019844a244877)","metadata":{"timestamp":"2025-05-24 20:20:24"}}
{"level":"\u001b[32minfo\u001b[39m","message":"MongoDB Connected: host.docker.internal","metadata":{"timestamp":"2025-05-25 06:11:46"}}
{"level":"\u001b[32minfo\u001b[39m","message":"Connected to Redis successfully","metadata":{"timestamp":"2025-05-25 06:11:46"}}
{"level":"\u001b[32minfo\u001b[39m","message":"Redis connection established","metadata":{"timestamp":"2025-05-25 06:11:46"}}
{"level":"\u001b[32minfo\u001b[39m","message":"Server is running on port 5000","metadata":{"timestamp":"2025-05-25 06:11:46"}}
{"level":"\u001b[32minfo\u001b[39m","message":"Environment: development","metadata":{"timestamp":"2025-05-25 06:11:46"}}
{"level":"\u001b[32minfo\u001b[39m","message":"MongoDB Connected: host.docker.internal","metadata":{"timestamp":"2025-05-25 06:13:30"}}
{"level":"\u001b[32minfo\u001b[39m","message":"Connected to Redis successfully","metadata":{"timestamp":"2025-05-25 06:13:30"}}
{"level":"\u001b[32minfo\u001b[39m","message":"Redis connection established","metadata":{"timestamp":"2025-05-25 06:13:30"}}
{"level":"\u001b[32minfo\u001b[39m","message":"Server is running on port 5000","metadata":{"timestamp":"2025-05-25 06:13:30"}}
{"level":"\u001b[32minfo\u001b[39m","message":"Environment: development","metadata":{"timestamp":"2025-05-25 06:13:30"}}
{"level":"\u001b[32minfo\u001b[39m","message":"MongoDB Connected: host.docker.internal","metadata":{"timestamp":"2025-05-25 06:13:40"}}
{"level":"\u001b[32minfo\u001b[39m","message":"Connected to Redis successfully","metadata":{"timestamp":"2025-05-25 06:13:40"}}
{"level":"\u001b[32minfo\u001b[39m","message":"Redis connection established","metadata":{"timestamp":"2025-05-25 06:13:40"}}
{"level":"\u001b[32minfo\u001b[39m","message":"Server is running on port 5000","metadata":{"timestamp":"2025-05-25 06:13:40"}}
{"level":"\u001b[32minfo\u001b[39m","message":"Environment: development","metadata":{"timestamp":"2025-05-25 06:13:40"}}
{"level":"\u001b[32minfo\u001b[39m","message":"MongoDB Connected: host.docker.internal","metadata":{"timestamp":"2025-05-25 06:15:24"}}
{"level":"\u001b[32minfo\u001b[39m","message":"Connected to Redis successfully","metadata":{"timestamp":"2025-05-25 06:15:24"}}
{"level":"\u001b[32minfo\u001b[39m","message":"Redis connection established","metadata":{"timestamp":"2025-05-25 06:15:24"}}
{"level":"\u001b[32minfo\u001b[39m","message":"Server is running on port 5000","metadata":{"timestamp":"2025-05-25 06:15:24"}}
{"level":"\u001b[32minfo\u001b[39m","message":"Environment: development","metadata":{"timestamp":"2025-05-25 06:15:24"}}
{"level":"\u001b[32minfo\u001b[39m","message":"MongoDB Connected: host.docker.internal","metadata":{"timestamp":"2025-05-25 06:15:46"}}
{"level":"\u001b[32minfo\u001b[39m","message":"Connected to Redis successfully","metadata":{"timestamp":"2025-05-25 06:15:46"}}
{"level":"\u001b[32minfo\u001b[39m","message":"Redis connection established","metadata":{"timestamp":"2025-05-25 06:15:46"}}
{"level":"\u001b[32minfo\u001b[39m","message":"Server is running on port 5000","metadata":{"timestamp":"2025-05-25 06:15:46"}}
{"level":"\u001b[32minfo\u001b[39m","message":"Environment: development","metadata":{"timestamp":"2025-05-25 06:15:46"}}
{"level":"\u001b[32minfo\u001b[39m","message":"MongoDB Connected: host.docker.internal","metadata":{"timestamp":"2025-05-25 06:15:50"}}
{"level":"\u001b[32minfo\u001b[39m","message":"Connected to Redis successfully","metadata":{"timestamp":"2025-05-25 06:15:50"}}
{"level":"\u001b[32minfo\u001b[39m","message":"Redis connection established","metadata":{"timestamp":"2025-05-25 06:15:50"}}
{"level":"\u001b[32minfo\u001b[39m","message":"Server is running on port 5000","metadata":{"timestamp":"2025-05-25 06:15:50"}}
{"level":"\u001b[32minfo\u001b[39m","message":"Environment: development","metadata":{"timestamp":"2025-05-25 06:15:50"}}
{"level":"\u001b[32minfo\u001b[39m","message":"MongoDB Connected: host.docker.internal","metadata":{"timestamp":"2025-05-25 06:16:18"}}
{"level":"\u001b[32minfo\u001b[39m","message":"Connected to Redis successfully","metadata":{"timestamp":"2025-05-25 06:16:18"}}
{"level":"\u001b[32minfo\u001b[39m","message":"Redis connection established","metadata":{"timestamp":"2025-05-25 06:16:18"}}
{"level":"\u001b[32minfo\u001b[39m","message":"Server is running on port 5000","metadata":{"timestamp":"2025-05-25 06:16:18"}}
{"level":"\u001b[32minfo\u001b[39m","message":"Environment: development","metadata":{"timestamp":"2025-05-25 06:16:18"}}
{"level":"\u001b[32minfo\u001b[39m","message":"MongoDB Connected: host.docker.internal","metadata":{"timestamp":"2025-05-25 06:16:33"}}
{"level":"\u001b[32minfo\u001b[39m","message":"Connected to Redis successfully","metadata":{"timestamp":"2025-05-25 06:16:33"}}
{"level":"\u001b[32minfo\u001b[39m","message":"Redis connection established","metadata":{"timestamp":"2025-05-25 06:16:33"}}
{"level":"\u001b[32minfo\u001b[39m","message":"Server is running on port 5000","metadata":{"timestamp":"2025-05-25 06:16:33"}}
{"level":"\u001b[32minfo\u001b[39m","message":"Environment: development","metadata":{"timestamp":"2025-05-25 06:16:33"}}
{"level":"\u001b[32minfo\u001b[39m","message":"MongoDB Connected: host.docker.internal","metadata":{"timestamp":"2025-05-25 06:16:39"}}
{"level":"\u001b[32minfo\u001b[39m","message":"Connected to Redis successfully","metadata":{"timestamp":"2025-05-25 06:16:39"}}
{"level":"\u001b[32minfo\u001b[39m","message":"Redis connection established","metadata":{"timestamp":"2025-05-25 06:16:39"}}
{"level":"\u001b[32minfo\u001b[39m","message":"Server is running on port 5000","metadata":{"timestamp":"2025-05-25 06:16:39"}}
{"level":"\u001b[32minfo\u001b[39m","message":"Environment: development","metadata":{"timestamp":"2025-05-25 06:16:39"}}
{"level":"\u001b[32minfo\u001b[39m","message":"MongoDB Connected: host.docker.internal","metadata":{"timestamp":"2025-05-25 06:20:09"}}
{"level":"\u001b[32minfo\u001b[39m","message":"Connected to Redis successfully","metadata":{"timestamp":"2025-05-25 06:20:09"}}
{"level":"\u001b[32minfo\u001b[39m","message":"Redis connection established","metadata":{"timestamp":"2025-05-25 06:20:09"}}
{"level":"\u001b[32minfo\u001b[39m","message":"Server is running on port 5000","metadata":{"timestamp":"2025-05-25 06:20:09"}}
{"level":"\u001b[32minfo\u001b[39m","message":"Environment: development","metadata":{"timestamp":"2025-05-25 06:20:09"}}
{"level":"\u001b[32minfo\u001b[39m","message":"MongoDB Connected: host.docker.internal","metadata":{"timestamp":"2025-05-25 06:52:57"}}
{"level":"\u001b[32minfo\u001b[39m","message":"Connected to Redis successfully","metadata":{"timestamp":"2025-05-25 06:52:57"}}
{"level":"\u001b[32minfo\u001b[39m","message":"Redis connection established","metadata":{"timestamp":"2025-05-25 06:52:57"}}
{"level":"\u001b[32minfo\u001b[39m","message":"Server is running on port 5000","metadata":{"timestamp":"2025-05-25 06:52:57"}}
{"level":"\u001b[32minfo\u001b[39m","message":"Environment: development","metadata":{"timestamp":"2025-05-25 06:52:57"}}
{"level":"\u001b[32minfo\u001b[39m","message":"MongoDB Connected: host.docker.internal","metadata":{"timestamp":"2025-05-25 06:57:27"}}
{"level":"\u001b[32minfo\u001b[39m","message":"Connected to Redis successfully","metadata":{"timestamp":"2025-05-25 06:57:27"}}
{"level":"\u001b[32minfo\u001b[39m","message":"Redis connection established","metadata":{"timestamp":"2025-05-25 06:57:27"}}
{"level":"\u001b[32minfo\u001b[39m","message":"Server is running on port 5000","metadata":{"timestamp":"2025-05-25 06:57:27"}}
{"level":"\u001b[32minfo\u001b[39m","message":"Environment: development","metadata":{"timestamp":"2025-05-25 06:57:27"}}
{"level":"\u001b[32minfo\u001b[39m","message":"MongoDB Connected: host.docker.internal","metadata":{"timestamp":"2025-05-25 06:58:34"}}
{"level":"\u001b[32minfo\u001b[39m","message":"Connected to Redis successfully","metadata":{"timestamp":"2025-05-25 06:58:34"}}
{"level":"\u001b[32minfo\u001b[39m","message":"Redis connection established","metadata":{"timestamp":"2025-05-25 06:58:34"}}
{"level":"\u001b[32minfo\u001b[39m","message":"Server is running on port 5000","metadata":{"timestamp":"2025-05-25 06:58:34"}}
{"level":"\u001b[32minfo\u001b[39m","message":"Environment: development","metadata":{"timestamp":"2025-05-25 06:58:34"}}
{"level":"\u001b[32minfo\u001b[39m","message":"MongoDB Connected: host.docker.internal","metadata":{"timestamp":"2025-05-25 06:59:36"}}
{"level":"\u001b[32minfo\u001b[39m","message":"Connected to Redis successfully","metadata":{"timestamp":"2025-05-25 06:59:36"}}
{"level":"\u001b[32minfo\u001b[39m","message":"Redis connection established","metadata":{"timestamp":"2025-05-25 06:59:37"}}
{"level":"\u001b[32minfo\u001b[39m","message":"Server is running on port 5000","metadata":{"timestamp":"2025-05-25 06:59:37"}}
{"level":"\u001b[32minfo\u001b[39m","message":"Environment: development","metadata":{"timestamp":"2025-05-25 06:59:37"}}
{"level":"\u001b[32minfo\u001b[39m","message":"MongoDB Connected: host.docker.internal","metadata":{"timestamp":"2025-05-25 07:01:00"}}
{"level":"\u001b[32minfo\u001b[39m","message":"Connected to Redis successfully","metadata":{"timestamp":"2025-05-25 07:01:00"}}
{"level":"\u001b[32minfo\u001b[39m","message":"Redis connection established","metadata":{"timestamp":"2025-05-25 07:01:00"}}
{"level":"\u001b[32minfo\u001b[39m","message":"Server is running on port 5000","metadata":{"timestamp":"2025-05-25 07:01:00"}}
{"level":"\u001b[32minfo\u001b[39m","message":"Environment: development","metadata":{"timestamp":"2025-05-25 07:01:00"}}
{"level":"\u001b[32minfo\u001b[39m","message":"MongoDB Connected: host.docker.internal","metadata":{"timestamp":"2025-05-25 07:01:19"}}
{"level":"\u001b[32minfo\u001b[39m","message":"Connected to Redis successfully","metadata":{"timestamp":"2025-05-25 07:01:19"}}
{"level":"\u001b[32minfo\u001b[39m","message":"Redis connection established","metadata":{"timestamp":"2025-05-25 07:01:19"}}
{"level":"\u001b[32minfo\u001b[39m","message":"Server is running on port 5000","metadata":{"timestamp":"2025-05-25 07:01:19"}}
{"level":"\u001b[32minfo\u001b[39m","message":"Environment: development","metadata":{"timestamp":"2025-05-25 07:01:19"}}
{"level":"\u001b[32minfo\u001b[39m","message":"User logged in: kida (ID: 6831fb7092c019844a244877)","metadata":{"timestamp":"2025-05-25 07:02:29"}}
{"level":"\u001b[32minfo\u001b[39m","message":"MongoDB Connected: host.docker.internal","metadata":{"timestamp":"2025-05-25 07:03:36"}}
{"level":"\u001b[32minfo\u001b[39m","message":"Connected to Redis successfully","metadata":{"timestamp":"2025-05-25 07:03:36"}}
{"level":"\u001b[32minfo\u001b[39m","message":"Redis connection established","metadata":{"timestamp":"2025-05-25 07:03:36"}}
{"level":"\u001b[32minfo\u001b[39m","message":"Server is running on port 5000","metadata":{"timestamp":"2025-05-25 07:03:36"}}
{"level":"\u001b[32minfo\u001b[39m","message":"Environment: development","metadata":{"timestamp":"2025-05-25 07:03:36"}}
{"level":"\u001b[32minfo\u001b[39m","message":"MongoDB Connected: host.docker.internal","metadata":{"timestamp":"2025-05-25 07:04:04"}}
{"level":"\u001b[32minfo\u001b[39m","message":"Connected to Redis successfully","metadata":{"timestamp":"2025-05-25 07:04:04"}}
{"level":"\u001b[32minfo\u001b[39m","message":"Redis connection established","metadata":{"timestamp":"2025-05-25 07:04:04"}}
{"level":"\u001b[32minfo\u001b[39m","message":"Server is running on port 5000","metadata":{"timestamp":"2025-05-25 07:04:04"}}
{"level":"\u001b[32minfo\u001b[39m","message":"Environment: development","metadata":{"timestamp":"2025-05-25 07:04:04"}}
{"level":"\u001b[32minfo\u001b[39m","message":"MongoDB Connected: host.docker.internal","metadata":{"timestamp":"2025-05-25 07:04:35"}}
{"level":"\u001b[32minfo\u001b[39m","message":"Connected to Redis successfully","metadata":{"timestamp":"2025-05-25 07:04:35"}}
{"level":"\u001b[32minfo\u001b[39m","message":"Redis connection established","metadata":{"timestamp":"2025-05-25 07:04:35"}}
{"level":"\u001b[32minfo\u001b[39m","message":"Server is running on port 5000","metadata":{"timestamp":"2025-05-25 07:04:35"}}
{"level":"\u001b[32minfo\u001b[39m","message":"Environment: development","metadata":{"timestamp":"2025-05-25 07:04:35"}}
{"level":"\u001b[32minfo\u001b[39m","message":"MongoDB Connected: host.docker.internal","metadata":{"timestamp":"2025-05-25 07:05:07"}}
{"level":"\u001b[32minfo\u001b[39m","message":"Connected to Redis successfully","metadata":{"timestamp":"2025-05-25 07:05:07"}}
{"level":"\u001b[32minfo\u001b[39m","message":"Redis connection established","metadata":{"timestamp":"2025-05-25 07:05:07"}}
{"level":"\u001b[32minfo\u001b[39m","message":"Server is running on port 5000","metadata":{"timestamp":"2025-05-25 07:05:07"}}
{"level":"\u001b[32minfo\u001b[39m","message":"Environment: development","metadata":{"timestamp":"2025-05-25 07:05:07"}}
{"level":"\u001b[32minfo\u001b[39m","message":"MongoDB Connected: host.docker.internal","metadata":{"timestamp":"2025-05-25 07:05:15"}}
{"level":"\u001b[32minfo\u001b[39m","message":"Connected to Redis successfully","metadata":{"timestamp":"2025-05-25 07:05:15"}}
{"level":"\u001b[32minfo\u001b[39m","message":"Redis connection established","metadata":{"timestamp":"2025-05-25 07:05:15"}}
{"level":"\u001b[32minfo\u001b[39m","message":"Server is running on port 5000","metadata":{"timestamp":"2025-05-25 07:05:15"}}
{"level":"\u001b[32minfo\u001b[39m","message":"Environment: development","metadata":{"timestamp":"2025-05-25 07:05:15"}}
{"level":"\u001b[32minfo\u001b[39m","message":"MongoDB Connected: host.docker.internal","metadata":{"timestamp":"2025-05-25 07:05:54"}}
{"level":"\u001b[32minfo\u001b[39m","message":"Connected to Redis successfully","metadata":{"timestamp":"2025-05-25 07:05:54"}}
{"level":"\u001b[32minfo\u001b[39m","message":"Redis connection established","metadata":{"timestamp":"2025-05-25 07:05:54"}}
{"level":"\u001b[32minfo\u001b[39m","message":"Server is running on port 5000","metadata":{"timestamp":"2025-05-25 07:05:54"}}
{"level":"\u001b[32minfo\u001b[39m","message":"Environment: development","metadata":{"timestamp":"2025-05-25 07:05:54"}}
{"level":"\u001b[32minfo\u001b[39m","message":"MongoDB Connected: host.docker.internal","metadata":{"timestamp":"2025-05-25 07:06:32"}}
{"level":"\u001b[32minfo\u001b[39m","message":"Connected to Redis successfully","metadata":{"timestamp":"2025-05-25 07:06:32"}}
{"level":"\u001b[32minfo\u001b[39m","message":"Redis connection established","metadata":{"timestamp":"2025-05-25 07:06:32"}}
{"level":"\u001b[32minfo\u001b[39m","message":"Server is running on port 5000","metadata":{"timestamp":"2025-05-25 07:06:32"}}
{"level":"\u001b[32minfo\u001b[39m","message":"Environment: development","metadata":{"timestamp":"2025-05-25 07:06:32"}}
{"level":"\u001b[32minfo\u001b[39m","message":"MongoDB Connected: host.docker.internal","metadata":{"timestamp":"2025-05-25 07:07:38"}}
{"level":"\u001b[32minfo\u001b[39m","message":"Connected to Redis successfully","metadata":{"timestamp":"2025-05-25 07:07:38"}}
{"level":"\u001b[32minfo\u001b[39m","message":"Redis connection established","metadata":{"timestamp":"2025-05-25 07:07:38"}}
{"level":"\u001b[32minfo\u001b[39m","message":"Server is running on port 5000","metadata":{"timestamp":"2025-05-25 07:07:38"}}
{"level":"\u001b[32minfo\u001b[39m","message":"Environment: development","metadata":{"timestamp":"2025-05-25 07:07:38"}}
{"level":"\u001b[32minfo\u001b[39m","message":"MongoDB Connected: host.docker.internal","metadata":{"timestamp":"2025-05-25 07:08:06"}}
{"level":"\u001b[32minfo\u001b[39m","message":"Connected to Redis successfully","metadata":{"timestamp":"2025-05-25 07:08:06"}}
{"level":"\u001b[32minfo\u001b[39m","message":"Redis connection established","metadata":{"timestamp":"2025-05-25 07:08:06"}}
{"level":"\u001b[32minfo\u001b[39m","message":"Server is running on port 5000","metadata":{"timestamp":"2025-05-25 07:08:06"}}
{"level":"\u001b[32minfo\u001b[39m","message":"Environment: development","metadata":{"timestamp":"2025-05-25 07:08:06"}}
{"level":"\u001b[32minfo\u001b[39m","message":"MongoDB Connected: host.docker.internal","metadata":{"timestamp":"2025-05-25 07:09:39"}}
{"level":"\u001b[32minfo\u001b[39m","message":"Connected to Redis successfully","metadata":{"timestamp":"2025-05-25 07:09:39"}}
{"level":"\u001b[32minfo\u001b[39m","message":"Redis connection established","metadata":{"timestamp":"2025-05-25 07:09:39"}}
{"level":"\u001b[32minfo\u001b[39m","message":"Server is running on port 5000","metadata":{"timestamp":"2025-05-25 07:09:39"}}
{"level":"\u001b[32minfo\u001b[39m","message":"Environment: development","metadata":{"timestamp":"2025-05-25 07:09:39"}}
{"level":"\u001b[32minfo\u001b[39m","message":"MongoDB Connected: host.docker.internal","metadata":{"timestamp":"2025-05-25 07:09:52"}}
{"level":"\u001b[32minfo\u001b[39m","message":"Connected to Redis successfully","metadata":{"timestamp":"2025-05-25 07:09:52"}}
{"level":"\u001b[32minfo\u001b[39m","message":"Redis connection established","metadata":{"timestamp":"2025-05-25 07:09:52"}}
{"level":"\u001b[32minfo\u001b[39m","message":"Server is running on port 5000","metadata":{"timestamp":"2025-05-25 07:09:52"}}
{"level":"\u001b[32minfo\u001b[39m","message":"Environment: development","metadata":{"timestamp":"2025-05-25 07:09:52"}}
{"level":"\u001b[32minfo\u001b[39m","message":"MongoDB Connected: host.docker.internal","metadata":{"timestamp":"2025-05-25 07:16:59"}}
{"level":"\u001b[32minfo\u001b[39m","message":"Connected to Redis successfully","metadata":{"timestamp":"2025-05-25 07:16:59"}}
{"level":"\u001b[32minfo\u001b[39m","message":"Redis connection established","metadata":{"timestamp":"2025-05-25 07:16:59"}}
{"level":"\u001b[32minfo\u001b[39m","message":"Server is running on port 5000","metadata":{"timestamp":"2025-05-25 07:16:59"}}
{"level":"\u001b[32minfo\u001b[39m","message":"Environment: development","metadata":{"timestamp":"2025-05-25 07:16:59"}}
{"level":"\u001b[32minfo\u001b[39m","message":"MongoDB Connected: host.docker.internal","metadata":{"timestamp":"2025-05-25 07:27:03"}}
{"level":"\u001b[32minfo\u001b[39m","message":"Connected to Redis successfully","metadata":{"timestamp":"2025-05-25 07:27:03"}}
{"level":"\u001b[32minfo\u001b[39m","message":"Redis connection established","metadata":{"timestamp":"2025-05-25 07:27:03"}}
{"level":"\u001b[32minfo\u001b[39m","message":"Server is running on port 5000","metadata":{"timestamp":"2025-05-25 07:27:03"}}
{"level":"\u001b[32minfo\u001b[39m","message":"Environment: development","metadata":{"timestamp":"2025-05-25 07:27:03"}}
{"level":"\u001b[32minfo\u001b[39m","message":"MongoDB Connected: host.docker.internal","metadata":{"timestamp":"2025-05-25 07:27:47"}}
{"level":"\u001b[32minfo\u001b[39m","message":"Connected to Redis successfully","metadata":{"timestamp":"2025-05-25 07:27:47"}}
{"level":"\u001b[32minfo\u001b[39m","message":"Redis connection established","metadata":{"timestamp":"2025-05-25 07:27:47"}}
{"level":"\u001b[32minfo\u001b[39m","message":"Server is running on port 5000","metadata":{"timestamp":"2025-05-25 07:27:47"}}
{"level":"\u001b[32minfo\u001b[39m","message":"Environment: development","metadata":{"timestamp":"2025-05-25 07:27:47"}}
{"level":"\u001b[32minfo\u001b[39m","message":"MongoDB Connected: host.docker.internal","metadata":{"timestamp":"2025-05-25 07:28:07"}}
{"level":"\u001b[32minfo\u001b[39m","message":"Connected to Redis successfully","metadata":{"timestamp":"2025-05-25 07:28:07"}}
{"level":"\u001b[32minfo\u001b[39m","message":"Redis connection established","metadata":{"timestamp":"2025-05-25 07:28:07"}}
{"level":"\u001b[32minfo\u001b[39m","message":"Server is running on port 5000","metadata":{"timestamp":"2025-05-25 07:28:07"}}
{"level":"\u001b[32minfo\u001b[39m","message":"Environment: development","metadata":{"timestamp":"2025-05-25 07:28:07"}}
{"level":"\u001b[32minfo\u001b[39m","message":"MongoDB Connected: host.docker.internal","metadata":{"timestamp":"2025-05-25 07:29:56"}}
{"level":"\u001b[32minfo\u001b[39m","message":"Connected to Redis successfully","metadata":{"timestamp":"2025-05-25 07:29:56"}}
{"level":"\u001b[32minfo\u001b[39m","message":"Redis connection established","metadata":{"timestamp":"2025-05-25 07:29:56"}}
{"level":"\u001b[32minfo\u001b[39m","message":"Server is running on port 5000","metadata":{"timestamp":"2025-05-25 07:29:56"}}
{"level":"\u001b[32minfo\u001b[39m","message":"Environment: development","metadata":{"timestamp":"2025-05-25 07:29:56"}}
